<?xml version="1.0" encoding="UTF-8"?>
<testsuite xmlns:xsi="http://www.w3.org/2001/XMLSchema-instance" xsi:noNamespaceSchemaLocation="https://maven.apache.org/surefire/maven-surefire-plugin/xsd/surefire-test-report.xsd" name="com.example.FileFormatValidatorTest" time="0.018" tests="12" errors="0" skipped="0" failures="0">
  <properties>
    <property name="java.specification.version" value="19"/>
    <property name="sun.jnu.encoding" value="UTF-8"/>
    <property name="java.class.path" value="/Users/josepuc/Desktop/mantenimiento/demo/target/test-classes:/Users/josepuc/Desktop/mantenimiento/demo/target/classes:/Users/josepuc/.m2/repository/org/junit/jupiter/junit-jupiter-api/5.8.0/junit-jupiter-api-5.8.0.jar:/Users/josepuc/.m2/repository/org/opentest4j/opentest4j/1.2.0/opentest4j-1.2.0.jar:/Users/josepuc/.m2/repository/org/junit/platform/junit-platform-commons/1.8.0/junit-platform-commons-1.8.0.jar:/Users/josepuc/.m2/repository/org/apiguardian/apiguardian-api/1.1.2/apiguardian-api-1.1.2.jar:"/>
    <property name="java.vm.vendor" value="Oracle Corporation"/>
    <property name="sun.arch.data.model" value="64"/>
    <property name="java.vendor.url" value="https://java.oracle.com/"/>
    <property name="os.name" value="Mac OS X"/>
    <property name="java.vm.specification.version" value="19"/>
    <property name="sun.java.launcher" value="SUN_STANDARD"/>
    <property name="user.country" value="MX"/>
    <property name="sun.boot.library.path" value="/Users/josepuc/.sdkman/candidates/java/19-open/lib"/>
    <property name="sun.java.command" value="/Users/josepuc/Desktop/mantenimiento/demo/target/surefire/surefirebooter7637319469651734000.jar /Users/josepuc/Desktop/mantenimiento/demo/target/surefire 2025-02-27T18-18-55_707-jvmRun1 surefire15493624954604833508tmp surefire_04462550413494671442tmp"/>
    <property name="http.nonProxyHosts" value="local|*.local|169.254/16|*.169.254/16"/>
    <property name="jdk.debug" value="release"/>
    <property name="surefire.test.class.path" value="/Users/josepuc/Desktop/mantenimiento/demo/target/test-classes:/Users/josepuc/Desktop/mantenimiento/demo/target/classes:/Users/josepuc/.m2/repository/org/junit/jupiter/junit-jupiter-api/5.8.0/junit-jupiter-api-5.8.0.jar:/Users/josepuc/.m2/repository/org/opentest4j/opentest4j/1.2.0/opentest4j-1.2.0.jar:/Users/josepuc/.m2/repository/org/junit/platform/junit-platform-commons/1.8.0/junit-platform-commons-1.8.0.jar:/Users/josepuc/.m2/repository/org/apiguardian/apiguardian-api/1.1.2/apiguardian-api-1.1.2.jar:"/>
    <property name="sun.cpu.endian" value="little"/>
    <property name="user.home" value="/Users/josepuc"/>
    <property name="user.language" value="en"/>
    <property name="java.specification.vendor" value="Oracle Corporation"/>
    <property name="java.version.date" value="2022-09-20"/>
    <property name="java.home" value="/Users/josepuc/.sdkman/candidates/java/19-open"/>
    <property name="file.separator" value="/"/>
    <property name="basedir" value="/Users/josepuc/Desktop/mantenimiento/demo"/>
    <property name="java.vm.compressedOopsMode" value="Zero based"/>
    <property name="line.separator" value="&#10;"/>
    <property name="java.vm.specification.vendor" value="Oracle Corporation"/>
    <property name="java.specification.name" value="Java Platform API Specification"/>
    <property name="apple.awt.application.name" value="ForkedBooter"/>
    <property name="surefire.real.class.path" value="/Users/josepuc/Desktop/mantenimiento/demo/target/surefire/surefirebooter7637319469651734000.jar"/>
    <property name="sun.management.compiler" value="HotSpot 64-Bit Tiered Compilers"/>
    <property name="ftp.nonProxyHosts" value="local|*.local|169.254/16|*.169.254/16"/>
    <property name="java.runtime.version" value="19+36-2238"/>
    <property name="user.name" value="josepuc"/>
    <property name="stdout.encoding" value="UTF-8"/>
    <property name="path.separator" value=":"/>
    <property name="os.version" value="15.3.1"/>
    <property name="java.runtime.name" value="OpenJDK Runtime Environment"/>
    <property name="file.encoding" value="UTF-8"/>
    <property name="java.vm.name" value="OpenJDK 64-Bit Server VM"/>
    <property name="localRepository" value="/Users/josepuc/.m2/repository"/>
    <property name="java.vendor.url.bug" value="https://bugreport.java.com/bugreport/"/>
    <property name="java.io.tmpdir" value="/var/folders/rz/lx924twd4m9chf4fhv4rl21c0000gn/T/"/>
    <property name="java.version" value="19"/>
    <property name="user.dir" value="/Users/josepuc/Desktop/mantenimiento/demo"/>
    <property name="os.arch" value="aarch64"/>
    <property name="java.vm.specification.name" value="Java Virtual Machine Specification"/>
    <property name="native.encoding" value="UTF-8"/>
    <property name="java.library.path" value="/Users/josepuc/Library/Java/Extensions:/Library/Java/Extensions:/Network/Library/Java/Extensions:/System/Library/Java/Extensions:/usr/lib/java:."/>
    <property name="java.vm.info" value="mixed mode, sharing"/>
    <property name="stderr.encoding" value="UTF-8"/>
    <property name="java.vendor" value="Oracle Corporation"/>
    <property name="java.vm.version" value="19+36-2238"/>
    <property name="sun.io.unicode.encoding" value="UnicodeBig"/>
    <property name="socksNonProxyHosts" value="local|*.local|169.254/16|*.169.254/16"/>
    <property name="java.class.version" value="63.0"/>
  </properties>
  <testcase name="com.example.FileFormatValidatorTest.testIsValidFileType_Correct" classname="com.example.FileFormatValidatorTest" time="0.002"/>
  <testcase name="com.example.FileFormatValidatorTest.testIsValidFileType_Incorrect" classname="com.example.FileFormatValidatorTest" time="0"/>
  <testcase name="com.example.FileFormatValidatorTest.testIsValidLineLength_Correct" classname="com.example.FileFormatValidatorTest" time="0.001"/>
  <testcase name="com.example.FileFormatValidatorTest.testIsValidLineLength_Incorrect" classname="com.example.FileFormatValidatorTest" time="0.008"/>
  <testcase name="com.example.FileFormatValidatorTest.testIsValidMultipleStatements_Correct" classname="com.example.FileFormatValidatorTest" time="0.001"/>
  <testcase name="com.example.FileFormatValidatorTest.testIsValidMultipleStatements_Incorrect" classname="com.example.FileFormatValidatorTest" time="0.001"/>
  <testcase name="com.example.FileFormatValidatorTest.testIsValidBracesStyle_Correct" classname="com.example.FileFormatValidatorTest" time="0.001"/>
  <testcase name="com.example.FileFormatValidatorTest.testIsValidBracesStyle_Incorrect" classname="com.example.FileFormatValidatorTest" time="0"/>
  <testcase name="com.example.FileFormatValidatorTest.testIsValidImportStatement_Correct" classname="com.example.FileFormatValidatorTest" time="0.001"/>
  <testcase name="com.example.FileFormatValidatorTest.testIsValidImportStatement_Incorrect" classname="com.example.FileFormatValidatorTest" time="0"/>
  <testcase name="com.example.FileFormatValidatorTest.testIsValidAnnotationFormat_Correct" classname="com.example.FileFormatValidatorTest" time="0"/>
  <testcase name="com.example.FileFormatValidatorTest.testIsValidAnnotationFormat_Incorrect" classname="com.example.FileFormatValidatorTest" time="0.001"/>
</testsuite>